yarn run v1.22.19
$ next build
info  - Linting and checking validity of types...
info  - Creating an optimized production build...
info  - Compiled successfully
info  - Collecting page data...
info  - Generating static pages (0/3)
info  - Generating static pages (3/3)
info  - Finalizing page optimization...

Route (pages)                              Size     First Load JS
┌ ○ / (381 ms)                             33.4 kB         107 kB
├   /_app                                  0 B            73.2 kB
└ ○ /404                                   181 B          73.4 kB
+ First Load JS shared by all              77.2 kB
  ├ chunks/framework-aedff47d294e0670.js   45.4 kB
  ├ chunks/main-b8adf948f7f01545.js        26.7 kB
  ├ chunks/pages/_app-8198e3d352f586ca.js  309 B
  ├ chunks/webpack-ee7e63bc15b31913.js     815 B
  └ css/618a4221872ac4d7.css               4.04 kB

○  (Static)  automatically rendered as static HTML (uses no initial props)

Done in 35.45s.
