$ next build
info  - Linting and checking validity of types...
info  - Creating an optimized production build...
info  - Compiled successfully
info  - Collecting page data...
info  - Generating static pages (0/21)
undefined
undefined
info  - Generating static pages (5/21)
info  - Generating static pages (10/21)
info  - Generating static pages (15/21)
This is not a valid TLD
This is not a valid TLD
This is not a valid TLD
info  - Generating static pages (21/21)
info  - Finalizing page optimization...

Route (pages)                              Size     First Load JS
┌ ○ /                                      70 kB           220 kB
├   /_app                                  0 B            73.2 kB
├ ○ /404                                   181 B          73.4 kB
├ ○ /blog                                  69.9 kB         219 kB
├ ○ /blog/article                          69.9 kB         219 kB
├ ○ /corporate                             1.5 kB          119 kB
├ ○ /developer                             1.83 kB         120 kB
├ ○ /developer-agreement                   13.4 kB         131 kB
├ ○ /developer-launch                      1.59 kB         119 kB
├ ○ /domains                               1.32 kB         119 kB
├ ○ /domains-blockchain                    1.33 kB         119 kB
├ ○ /domains-geographic                    1.33 kB         119 kB
├ ○ /domains-metaverse                     1.33 kB         119 kB
├ ○ /domains-new                           1.33 kB         119 kB
├ ○ /fetch                                 2.11 kB         120 kB
├ ○ /office                                2.78 kB         121 kB
├ ○ /support                               1.47 kB         119 kB
├ ○ /support-answers                       3.08 kB         121 kB
├ ○ /support-pp                            8.1 kB          126 kB
├ ○ /support-tos                           14.6 kB         132 kB
└ ○ /support-trademarks                    6.04 kB         124 kB
+ First Load JS shared by all              77.9 kB
  ├ chunks/framework-22108eb722d84e59.js   45.4 kB
  ├ chunks/main-b8adf948f7f01545.js        26.7 kB
  ├ chunks/pages/_app-433b6bd392de8072.js  317 B
  ├ chunks/webpack-ee7e63bc15b31913.js     815 B
  └ css/771b37537798057c.css               4.71 kB

○  (Static)  automatically rendered as static HTML (uses no initial props)

