yarn run v1.22.19
$ tsup src/index.tsx --format esm,cjs --dts --external react && tailwindcss -i ./src/styles.css -o ./dist/styles.css
CLI Building entry: src/index.tsx
CLI Using tsconfig: tsconfig.json
CLI tsup v6.5.0
CLI Target: es6
ESM Build start
CJS Build start
CJS dist/index.js  403.83 KB
CJS dist/index.css 2.48 KB
CJS ⚡️ Build success in 1292ms
ESM dist/index.mjs 388.88 KB
ESM dist/index.css 2.48 KB
ESM ⚡️ Build success in 1467ms
DTS Build start
DTS ⚡️ Build success in 4660ms
DTS dist/index.d.ts 1.96 KB

Rebuilding...

Done in 506ms.
Done in 9.79s.
